  2750.cpp
C:\Users\ghkdd\Desktop\CodingTest\BaekJoon\2750\2750\2750.cpp(26,9): error C2065: 'answer': 선언되지 않은 식별자입니다.
C:\Users\ghkdd\Desktop\CodingTest\BaekJoon\2750\2750\2750.cpp(28,9): error C2065: 'answer': 선언되지 않은 식별자입니다.
